<?xml version="1.0" encoding="UTF-8"?>
<!-- Generated by org.testng.reporters.JUnitXMLReporter -->
<testsuite hostname="IN1-1019286LT" name="Test" tests="2" failures="1" timestamp="13 Apr 2021 04:30:07 GMT" time="63.015" errors="0">
  <testcase name="LoginTestcase_01" time="12.328" classname="testcases.SignInWithExcelData"/>
  <testcase name="LoginTestcase_02" time="21.024" classname="testcases.SignInWithExcelData">
    <failure type="java.lang.AssertionError" message="expected [true] but found [false]">
      <![CDATA[java.lang.AssertionError: expected [true] but found [false]
	at testcases.SignInWithExcelData.LoginTestcase_02(SignInWithExcelData.java:90)
... Removed 29 stack frames]]>
    </failure>
  </testcase> <!-- LoginTestcase_02 -->
</testsuite> <!-- Test -->
